<?xml version="1.0" encoding="UTF-8"?>
<testsuite name="com.vinyalogics.playwithdesignpatterns.creational.singleton.eager.SingletonWithEagerTest" tests="1" skipped="0" failures="0" errors="0" timestamp="2020-06-18T23:44:09" hostname="DESKTOP-3P18DGO" time="0.014">
  <properties/>
  <testcase name="testGetINSTANCE()" classname="com.vinyalogics.playwithdesignpatterns.creational.singleton.eager.SingletonWithEagerTest" time="0.014"/>
  <system-out><![CDATA[]]></system-out>
  <system-err><![CDATA[]]></system-err>
</testsuite>
